<?xml version="1.0" encoding="UTF-8"?>
<testsuite xmlns:xsi="http://www.w3.org/2001/XMLSchema-instance" xsi:noNamespaceSchemaLocation="https://maven.apache.org/surefire/maven-surefire-plugin/xsd/surefire-test-report.xsd" name="TestSuite" time="37.605" tests="18" errors="0" skipped="0" failures="0">
  <properties>
[...]
</properties>
  <testcase name="when_getUserIsCalledWithNonExistingUserId_expect_NoResult" classname="requests.SearchUserTest" time="4.391"/>
  <testcase name="when_getUserIsCalledWithUserId3_expect_HTTPStatusCode200" classname="requests.SearchUserTest" time="1.05"/>
  <testcase name="when_getUserIsCalledWithUserId3_expect_IdIs3" classname="requests.SearchUserTest" time="1.142"/>
  <testcase name="when_getUserIsCalledWithUserId3_expect_UsernameSamantha" classname="requests.SearchUserTest" time="0.822"/>
  <testcase name="when_getUsersIsCalled_expect_ArrayIsNotEmpty" classname="requests.SearchUserTest" time="1.096"/>
  <testcase name="when_getUsersIsCalled_expect_HTTPStatusCode200" classname="requests.SearchUserTest" time="1.322"/>
  <testcase name="when_getUsersIsCalled_expect_HeaderContentTypeToBeApplicationJson" classname="requests.SearchUserTest" time="0.93"/>
  <testcase name="when_getUsersIsCalled_expect_SamanthaToBeOnUserList" classname="requests.SearchUserTest" time="1.083"/>
  <testcase name="when_getPostByUserIdIsCalledWithInvalidUserId_expect_EmptyResult" classname="requests.FetchUserPostsTest" time="1.307"/>
  <testcase name="when_getPostByUserIdIsCalledWithValidUserId_expect_ArrayIsNotEmpty" classname="requests.FetchUserPostsTest" time="1.23"/>
  <testcase name="when_getPostByUserIdIsCalledWithValidUserId_expect_HTTPStatusCode200" classname="requests.FetchUserPostsTest" time="1.026"/>
  <testcase name="when_getPostByUserIdIsCalledWithValidUserId_expect_HeaderContentTypeToBeApplicationJson" classname="requests.FetchUserPostsTest" time="0.931"/>
  <testcase name="when_getPostByUserIdIsCalledWithValidUserId_expect_OnlySpecifiedUserPostsAreReturned" classname="requests.FetchUserPostsTest" time="1.103"/>
  <testcase name="when_getCommentIsCalledWithPostId_expect_OnlyCommentsRelatedToSpecifiedPost" classname="requests.FetchUserPostCommentsTest" time="0.921"/>
  <testcase name="when_getCommentsIsCalled_expect_ArrayIsNotEmpty" classname="requests.FetchUserPostCommentsTest" time="1.154"/>
  <testcase name="when_getCommentsIsCalled_expect_HTTPStatusCode200" classname="requests.FetchUserPostCommentsTest" time="1.035"/>
  <testcase name="when_getCommentsIsCalled_expect_HeaderContentTypeToBeApplicationJson" classname="requests.FetchUserPostCommentsTest" time="1.085"/>
  <testcase name="when_getCommentsIsCalled_expect_ResultCanBeFilteredByUser" classname="requests.FetchUserPostCommentsTest" time="13.205"/>
</testsuite>