<?xml version="1.0" encoding="UTF-8"?>
<!-- Generated by org.testng.reporters.JUnitXMLReporter -->
<testsuite hostname="Adeyeye-PC" ignored="0" name="UserBlogTesting Tests" tests="18" failures="0" timestamp="04 Nov 2019 17:32:05 GMT" time="35.355" errors="0">
  <testcase name="when_getUserIsCalledWithNonExistingUserId_expect_NoResult" time="4.389" classname="requests.SearchUserTest"/>
  <testcase name="when_getUserIsCalledWithUserId3_expect_HTTPStatusCode200" time="1.052" classname="requests.SearchUserTest"/>
  <testcase name="when_getUserIsCalledWithUserId3_expect_IdIs3" time="1.143" classname="requests.SearchUserTest"/>
  <testcase name="when_getUserIsCalledWithUserId3_expect_UsernameSamantha" time="0.822" classname="requests.SearchUserTest"/>
  <testcase name="when_getUsersIsCalled_expect_ArrayIsNotEmpty" time="1.097" classname="requests.SearchUserTest"/>
  <testcase name="when_getUsersIsCalled_expect_HTTPStatusCode200" time="1.323" classname="requests.SearchUserTest"/>
  <testcase name="when_getUsersIsCalled_expect_HeaderContentTypeToBeApplicationJson" time="0.929" classname="requests.SearchUserTest"/>
  <testcase name="when_getUsersIsCalled_expect_SamanthaToBeOnUserList" time="1.082" classname="requests.SearchUserTest"/>
  <testcase name="when_getPostByUserIdIsCalledWithInvalidUserId_expect_EmptyResult" time="1.307" classname="requests.FetchUserPostsTest"/>
  <testcase name="when_getPostByUserIdIsCalledWithValidUserId_expect_ArrayIsNotEmpty" time="1.229" classname="requests.FetchUserPostsTest"/>
  <testcase name="when_getPostByUserIdIsCalledWithValidUserId_expect_HTTPStatusCode200" time="1.024" classname="requests.FetchUserPostsTest"/>
  <testcase name="when_getPostByUserIdIsCalledWithValidUserId_expect_HeaderContentTypeToBeApplicationJson" time="0.932" classname="requests.FetchUserPostsTest"/>
  <testcase name="when_getPostByUserIdIsCalledWithValidUserId_expect_OnlySpecifiedUserPostsAreReturned" time="1.102" classname="requests.FetchUserPostsTest"/>
  <testcase name="when_getCommentIsCalledWithPostId_expect_OnlyCommentsRelatedToSpecifiedPost" time="0.921" classname="requests.FetchUserPostCommentsTest"/>
  <testcase name="when_getCommentsIsCalled_expect_ArrayIsNotEmpty" time="1.148" classname="requests.FetchUserPostCommentsTest"/>
  <testcase name="when_getCommentsIsCalled_expect_HTTPStatusCode200" time="1.041" classname="requests.FetchUserPostCommentsTest"/>
  <testcase name="when_getCommentsIsCalled_expect_HeaderContentTypeToBeApplicationJson" time="1.086" classname="requests.FetchUserPostCommentsTest"/>
  <testcase name="when_getCommentsIsCalled_expect_ResultCanBeFilteredByUser" time="13.204" classname="requests.FetchUserPostCommentsTest"/>
</testsuite> <!-- UserBlogTesting Tests -->
